running egg_info
creating ../build/my_sensor_package/my_sensor_package.egg-info
writing ../build/my_sensor_package/my_sensor_package.egg-info/PKG-INFO
writing dependency_links to ../build/my_sensor_package/my_sensor_package.egg-info/dependency_links.txt
writing entry points to ../build/my_sensor_package/my_sensor_package.egg-info/entry_points.txt
writing requirements to ../build/my_sensor_package/my_sensor_package.egg-info/requires.txt
writing top-level names to ../build/my_sensor_package/my_sensor_package.egg-info/top_level.txt
writing manifest file '../build/my_sensor_package/my_sensor_package.egg-info/SOURCES.txt'
reading manifest file '../build/my_sensor_package/my_sensor_package.egg-info/SOURCES.txt'
writing manifest file '../build/my_sensor_package/my_sensor_package.egg-info/SOURCES.txt'
running build
running build_py
creating /root/ros2-data-acquisition/build/my_sensor_package/build
creating /root/ros2-data-acquisition/build/my_sensor_package/build/lib
creating /root/ros2-data-acquisition/build/my_sensor_package/build/lib/my_sensor_package
copying my_sensor_package/__init__.py -> /root/ros2-data-acquisition/build/my_sensor_package/build/lib/my_sensor_package
running install
running install_lib
creating /root/ros2-data-acquisition/install/my_sensor_package/lib/python3.10/site-packages/my_sensor_package
copying /root/ros2-data-acquisition/build/my_sensor_package/build/lib/my_sensor_package/__init__.py -> /root/ros2-data-acquisition/install/my_sensor_package/lib/python3.10/site-packages/my_sensor_package
byte-compiling /root/ros2-data-acquisition/install/my_sensor_package/lib/python3.10/site-packages/my_sensor_package/__init__.py to __init__.cpython-310.pyc
running install_egg_info
Copying ../build/my_sensor_package/my_sensor_package.egg-info to /root/ros2-data-acquisition/install/my_sensor_package/lib/python3.10/site-packages/my_sensor_package-0.0.0-py3.10.egg-info
running install_scripts
Installing camera_node script to /root/ros2-data-acquisition/install/my_sensor_package/lib/my_sensor_package
Installing radar_node script to /root/ros2-data-acquisition/install/my_sensor_package/lib/my_sensor_package
writing list of installed files to '/root/ros2-data-acquisition/build/my_sensor_package/install.log'
