[0.515s] Invoking command in '/root/ros2-data-acquisition/my_sensor_package': PYTHONPATH=/root/ros2-data-acquisition/build/my_sensor_package/prefix_override:/usr/lib/python3/dist-packages/colcon_core/task/python/colcon_distutils_commands:/root/ros2-data-acquisition/install/my_sensor_package/lib/python3.10/site-packages:${PYTHONPATH} /usr/bin/python3 -W ignore:setup.py install is deprecated setup.py egg_info --egg-base ../build/my_sensor_package build --build-base /root/ros2-data-acquisition/build/my_sensor_package/build install --record /root/ros2-data-acquisition/build/my_sensor_package/install.log --single-version-externally-managed
[0.712s] running egg_info
[0.712s] creating ../build/my_sensor_package/my_sensor_package.egg-info
[0.713s] writing ../build/my_sensor_package/my_sensor_package.egg-info/PKG-INFO
[0.714s] writing dependency_links to ../build/my_sensor_package/my_sensor_package.egg-info/dependency_links.txt
[0.714s] writing entry points to ../build/my_sensor_package/my_sensor_package.egg-info/entry_points.txt
[0.715s] writing requirements to ../build/my_sensor_package/my_sensor_package.egg-info/requires.txt
[0.715s] writing top-level names to ../build/my_sensor_package/my_sensor_package.egg-info/top_level.txt
[0.716s] writing manifest file '../build/my_sensor_package/my_sensor_package.egg-info/SOURCES.txt'
[0.718s] reading manifest file '../build/my_sensor_package/my_sensor_package.egg-info/SOURCES.txt'
[0.719s] writing manifest file '../build/my_sensor_package/my_sensor_package.egg-info/SOURCES.txt'
[0.719s] running build
[0.719s] running build_py
[0.720s] creating /root/ros2-data-acquisition/build/my_sensor_package/build
[0.720s] creating /root/ros2-data-acquisition/build/my_sensor_package/build/lib
[0.721s] creating /root/ros2-data-acquisition/build/my_sensor_package/build/lib/my_sensor_package
[0.721s] copying my_sensor_package/__init__.py -> /root/ros2-data-acquisition/build/my_sensor_package/build/lib/my_sensor_package
[0.723s] running install
[0.723s] running install_lib
[0.723s] creating /root/ros2-data-acquisition/install/my_sensor_package/lib/python3.10/site-packages/my_sensor_package
[0.724s] copying /root/ros2-data-acquisition/build/my_sensor_package/build/lib/my_sensor_package/__init__.py -> /root/ros2-data-acquisition/install/my_sensor_package/lib/python3.10/site-packages/my_sensor_package
[0.725s] byte-compiling /root/ros2-data-acquisition/install/my_sensor_package/lib/python3.10/site-packages/my_sensor_package/__init__.py to __init__.cpython-310.pyc
[0.728s] running install_egg_info
[0.728s] Copying ../build/my_sensor_package/my_sensor_package.egg-info to /root/ros2-data-acquisition/install/my_sensor_package/lib/python3.10/site-packages/my_sensor_package-0.0.0-py3.10.egg-info
[0.737s] running install_scripts
[0.761s] Installing camera_node script to /root/ros2-data-acquisition/install/my_sensor_package/lib/my_sensor_package
[0.762s] Installing radar_node script to /root/ros2-data-acquisition/install/my_sensor_package/lib/my_sensor_package
[0.763s] writing list of installed files to '/root/ros2-data-acquisition/build/my_sensor_package/install.log'
[0.783s] Invoked command in '/root/ros2-data-acquisition/my_sensor_package' returned '0': PYTHONPATH=/root/ros2-data-acquisition/build/my_sensor_package/prefix_override:/usr/lib/python3/dist-packages/colcon_core/task/python/colcon_distutils_commands:/root/ros2-data-acquisition/install/my_sensor_package/lib/python3.10/site-packages:${PYTHONPATH} /usr/bin/python3 -W ignore:setup.py install is deprecated setup.py egg_info --egg-base ../build/my_sensor_package build --build-base /root/ros2-data-acquisition/build/my_sensor_package/build install --record /root/ros2-data-acquisition/build/my_sensor_package/install.log --single-version-externally-managed
